2024-10-11 16:57:54,807 [Worker-7: Loading available Gradle versions] INFO  o.e.b.c.i.u.g.PublishedGradleVersions - Gradle version information cache is up-to-date. Trying to read.
2024-10-11 16:59:22,590 [Worker-12: Creating project "proyecto-simple"] INFO  o.e.m.c.i.l.LifecycleMappingFactory - Using org.eclipse.m2e.jdt.JarLifecycleMapping lifecycle mapping for MavenProject: com.ejemplo:proyecto-simple:0.0.1-SNAPSHOT @ C:\Users\HP\eclipse-workspace\PrimeraEv\proyecto-simple\pom.xml.
2024-10-11 16:59:24,112 [Worker-12: Creating project "proyecto-simple"] INFO  o.e.m.j.i.AbstractJavaProjectConfigurator - Adding source folder /proyecto-simple/src/main/java
2024-10-11 16:59:24,120 [Worker-12: Creating project "proyecto-simple"] INFO  o.e.m.j.i.AbstractJavaProjectConfigurator - Adding resource folder /proyecto-simple/src/main/resources
2024-10-11 16:59:24,124 [Worker-12: Creating project "proyecto-simple"] INFO  o.e.m.j.i.AbstractJavaProjectConfigurator - Adding source folder /proyecto-simple/src/test/java
2024-10-11 16:59:24,126 [Worker-12: Creating project "proyecto-simple"] INFO  o.e.m.j.i.AbstractJavaProjectConfigurator - Adding resource folder /proyecto-simple/src/test/resources
2024-10-11 16:59:24,140 [Worker-12: Creating project "proyecto-simple"] ERROR o.e.m.j.i.AbstractJavaProjectConfigurator - Failed to find a compatible VM for environment id 'JavaSE-1.8', falling back to workspace default
2024-10-11 16:59:25,516 [Worker-26: Building] WARN  o.a.m.s.f.DefaultMavenResourcesFiltering - Using platform encoding (UTF-8 actually) to copy filtered resources, i.e. build is platform dependent!
2024-10-11 16:59:25,523 [Worker-26: Building] INFO  o.a.m.s.f.DefaultMavenResourcesFiltering - Copying 0 resource from src\main\resources to target\classes
2024-10-11 16:59:25,528 [Worker-26: Building] WARN  o.a.m.s.f.DefaultMavenResourcesFiltering - Using platform encoding (UTF-8 actually) to copy filtered resources, i.e. build is platform dependent!
2024-10-11 16:59:25,532 [Worker-26: Building] INFO  o.a.m.s.f.DefaultMavenResourcesFiltering - Copying 0 resource from src\test\resources to target\test-classes
2024-10-11 17:00:49,037 [Worker-11: Building] WARN  o.a.m.s.f.DefaultMavenResourcesFiltering - Using platform encoding (UTF-8 actually) to copy filtered resources, i.e. build is platform dependent!
2024-10-11 17:00:49,042 [Worker-11: Building] INFO  o.a.m.s.f.DefaultMavenResourcesFiltering - Copying 0 resource from src\main\resources to target\classes
2024-10-11 17:00:49,048 [Worker-11: Building] WARN  o.a.m.s.f.DefaultMavenResourcesFiltering - Using platform encoding (UTF-8 actually) to copy filtered resources, i.e. build is platform dependent!
2024-10-11 17:00:49,052 [Worker-11: Building] INFO  o.a.m.s.f.DefaultMavenResourcesFiltering - Copying 0 resource from src\test\resources to target\test-classes
2024-10-11 17:01:13,340 [Worker-25: Building] WARN  o.a.m.s.f.DefaultMavenResourcesFiltering - Using platform encoding (UTF-8 actually) to copy filtered resources, i.e. build is platform dependent!
2024-10-11 17:01:13,343 [Worker-25: Building] INFO  o.a.m.s.f.DefaultMavenResourcesFiltering - Copying 0 resource from src\main\resources to target\classes
2024-10-11 17:01:13,346 [Worker-25: Building] WARN  o.a.m.s.f.DefaultMavenResourcesFiltering - Using platform encoding (UTF-8 actually) to copy filtered resources, i.e. build is platform dependent!
2024-10-11 17:01:13,347 [Worker-25: Building] INFO  o.a.m.s.f.DefaultMavenResourcesFiltering - Copying 0 resource from src\test\resources to target\test-classes
2024-10-11 17:01:34,131 [main] INFO  o.e.m2e.actions.ExecutePomAction - Creating new launch configuration
